2022-10-31 20:59:31.165 [background-preinit] WARN  o.s.h.c.j.Jackson2ObjectMapperBuilder -For Jackson Kotlin classes support please add "com.fasterxml.jackson.module:jackson-module-kotlin" to the classpath
2022-10-31 20:59:31.723 [main] WARN  o.m.s.mapper.ClassPathMapperScanner -No MyBatis mapper was found in '[com.tony.health_backend]' package. Please check your configuration.
2022-10-31 21:23:53.530 [background-preinit] WARN  o.s.h.c.j.Jackson2ObjectMapperBuilder -For Jackson Kotlin classes support please add "com.fasterxml.jackson.module:jackson-module-kotlin" to the classpath
2022-10-31 21:23:54.123 [main] WARN  o.m.s.mapper.ClassPathMapperScanner -No MyBatis mapper was found in '[com.tony.health_backend]' package. Please check your configuration.
2022-10-31 21:53:57.213 [background-preinit] WARN  o.s.h.c.j.Jackson2ObjectMapperBuilder -For Jackson Kotlin classes support please add "com.fasterxml.jackson.module:jackson-module-kotlin" to the classpath
2022-10-31 21:53:57.764 [main] WARN  o.m.s.mapper.ClassPathMapperScanner -No MyBatis mapper was found in '[com.tony.health_backend]' package. Please check your configuration.
2022-10-31 22:02:07.777 [background-preinit] WARN  o.s.h.c.j.Jackson2ObjectMapperBuilder -For Jackson Kotlin classes support please add "com.fasterxml.jackson.module:jackson-module-kotlin" to the classpath
2022-10-31 22:02:08.314 [main] WARN  o.m.s.mapper.ClassPathMapperScanner -No MyBatis mapper was found in '[com.tony.health_backend]' package. Please check your configuration.
2022-10-31 22:05:36.141 [background-preinit] WARN  o.s.h.c.j.Jackson2ObjectMapperBuilder -For Jackson Kotlin classes support please add "com.fasterxml.jackson.module:jackson-module-kotlin" to the classpath
2022-10-31 22:05:36.661 [main] WARN  o.m.s.mapper.ClassPathMapperScanner -No MyBatis mapper was found in '[com.tony.health_backend]' package. Please check your configuration.
2022-10-31 22:08:46.672 [background-preinit] WARN  o.s.h.c.j.Jackson2ObjectMapperBuilder -For Jackson Kotlin classes support please add "com.fasterxml.jackson.module:jackson-module-kotlin" to the classpath
2022-10-31 22:08:47.223 [main] WARN  o.m.s.mapper.ClassPathMapperScanner -No MyBatis mapper was found in '[com.tony.health_backend]' package. Please check your configuration.
2022-10-31 22:09:39.595 [background-preinit] WARN  o.s.h.c.j.Jackson2ObjectMapperBuilder -For Jackson Kotlin classes support please add "com.fasterxml.jackson.module:jackson-module-kotlin" to the classpath
2022-10-31 22:09:40.163 [main] WARN  o.m.s.mapper.ClassPathMapperScanner -No MyBatis mapper was found in '[com.tony.health_backend]' package. Please check your configuration.
2022-10-31 22:13:00.089 [background-preinit] WARN  o.s.h.c.j.Jackson2ObjectMapperBuilder -For Jackson Kotlin classes support please add "com.fasterxml.jackson.module:jackson-module-kotlin" to the classpath
2022-10-31 22:13:00.592 [main] WARN  o.m.s.mapper.ClassPathMapperScanner -No MyBatis mapper was found in '[com.tony.health_backend]' package. Please check your configuration.
2022-10-31 22:16:00.408 [background-preinit] WARN  o.s.h.c.j.Jackson2ObjectMapperBuilder -For Jackson Kotlin classes support please add "com.fasterxml.jackson.module:jackson-module-kotlin" to the classpath
2022-10-31 22:16:00.978 [main] WARN  o.m.s.mapper.ClassPathMapperScanner -No MyBatis mapper was found in '[com.tony.health_backend]' package. Please check your configuration.
2022-10-31 22:17:12.982 [main-SendThread(175.178.108.7:2181)] WARN  org.apache.zookeeper.ClientCnxn -Client session timed out, have not heard from server in 49413ms for sessionid 0x1000007663900d4
2022-10-31 22:17:19.310 [main-SendThread(175.178.108.7:2181)] WARN  org.apache.zookeeper.ClientCnxn -Unable to reconnect to ZooKeeper service, session 0x1000007663900d4 has expired
2022-10-31 22:17:19.310 [main-EventThread] WARN  org.apache.curator.ConnectionState -Session expired event received
2022-10-31 22:19:18.449 [main-SendThread(175.178.108.7:2181)] WARN  org.apache.zookeeper.ClientCnxn -Client session timed out, have not heard from server in 103042ms for sessionid 0x1000007663900d5
2022-10-31 22:19:24.976 [main-SendThread(175.178.108.7:2181)] WARN  org.apache.zookeeper.ClientCnxn -Unable to reconnect to ZooKeeper service, session 0x1000007663900d5 has expired
2022-10-31 22:19:24.977 [main-EventThread] WARN  org.apache.curator.ConnectionState -Session expired event received
2022-10-31 22:24:16.775 [background-preinit] WARN  o.s.h.c.j.Jackson2ObjectMapperBuilder -For Jackson Kotlin classes support please add "com.fasterxml.jackson.module:jackson-module-kotlin" to the classpath
2022-10-31 22:24:17.381 [main] WARN  o.m.s.mapper.ClassPathMapperScanner -No MyBatis mapper was found in '[com.tony.health_backend]' package. Please check your configuration.
2022-10-31 22:27:21.069 [main-SendThread(175.178.108.7:2181)] WARN  org.apache.zookeeper.ClientCnxn -Client session timed out, have not heard from server in 121780ms for sessionid 0x1000007663900d8
2022-10-31 22:27:27.566 [main-EventThread] WARN  org.apache.curator.ConnectionState -Session expired event received
2022-10-31 22:27:27.566 [main-SendThread(175.178.108.7:2181)] WARN  org.apache.zookeeper.ClientCnxn -Unable to reconnect to ZooKeeper service, session 0x1000007663900d8 has expired
2022-10-31 22:30:44.782 [background-preinit] WARN  o.s.h.c.j.Jackson2ObjectMapperBuilder -For Jackson Kotlin classes support please add "com.fasterxml.jackson.module:jackson-module-kotlin" to the classpath
2022-10-31 22:30:45.365 [main] WARN  o.m.s.mapper.ClassPathMapperScanner -No MyBatis mapper was found in '[com.tony.health_backend]' package. Please check your configuration.
2022-10-31 22:34:00.896 [background-preinit] WARN  o.s.h.c.j.Jackson2ObjectMapperBuilder -For Jackson Kotlin classes support please add "com.fasterxml.jackson.module:jackson-module-kotlin" to the classpath
2022-10-31 22:34:01.449 [main] WARN  o.m.s.mapper.ClassPathMapperScanner -No MyBatis mapper was found in '[com.tony.health_backend]' package. Please check your configuration.
